<?xml version="1.0" encoding="UTF-8"?>
<!DOCTYPE plist PUBLIC "-//Apple//DTD PLIST 1.0//EN" "http://www.apple.com/DTDs/PropertyList-1.0.dtd">
<plist version="1.0">
<dict>
	<key>com.apple.actool.asset-tag-combinations</key>
	<array/>
	<key>com.apple.actool.errors</key>
	<array>
		<dict>
			<key>description</key>
			<string>The file “Contents.json” couldn’t be opened.</string>
			<key>underlying-errors</key>
			<array>
				<dict>
					<key>description</key>
					<string>The operation couldn’t be completed. Operation timed out</string>
					<key>failure-reason</key>
					<string>Operation timed out</string>
				</dict>
			</array>
		</dict>
	</array>
</dict>
</plist>
